{"/home/luiza/Documentos/oma/Tcc-OMA/backend/src/app.ts": {"path":"/home/luiza/Documentos/oma/Tcc-OMA/backend/src/app.ts","statementMap":{"0":{"start":{"line":1,"column":0},"end":{"line":1,"column":30}},"1":{"start":{"line":2,"column":0},"end":{"line":2,"column":32}},"2":{"start":{"line":3,"column":0},"end":{"line":3,"column":28}},"3":{"start":{"line":4,"column":0},"end":{"line":4,"column":45}},"4":{"start":{"line":5,"column":0},"end":{"line":5,"column":37}},"5":{"start":{"line":6,"column":0},"end":{"line":6,"column":24}},"6":{"start":{"line":7,"column":0},"end":{"line":7,"column":40}},"7":{"start":{"line":10,"column":0},"end":{"line":10,"column":16}},"8":{"start":{"line":12,"column":17},"end":{"line":12,"column":48}},"9":{"start":{"line":13,"column":13},"end":{"line":13,"column":37}},"10":{"start":{"line":16,"column":12},"end":{"line":16,"column":21}},"11":{"start":{"line":19,"column":0},"end":{"line":19,"column":16}},"12":{"start":{"line":20,"column":0},"end":{"line":20,"column":42}},"13":{"start":{"line":23,"column":0},"end":{"line":23,"column":25}},"14":{"start":{"line":26,"column":0},"end":{"line":29,"column":3}},"15":{"start":{"line":27,"column":2},"end":{"line":27,"column":27}},"16":{"start":{"line":28,"column":2},"end":{"line":28,"column":81}},"17":{"start":{"line":32,"column":0},"end":{"line":48,"column":5}},"18":{"start":{"line":32,"column":12},"end":{"line":48,"column":2}},"19":{"start":{"line":33,"column":2},"end":{"line":47,"column":3}},"20":{"start":{"line":35,"column":4},"end":{"line":35,"column":37}},"21":{"start":{"line":36,"column":4},"end":{"line":36,"column":54}},"22":{"start":{"line":39,"column":4},"end":{"line":39,"column":22}},"23":{"start":{"line":40,"column":4},"end":{"line":40,"column":58}},"24":{"start":{"line":43,"column":4},"end":{"line":43,"column":74}},"25":{"start":{"line":43,"column":27},"end":{"line":43,"column":72}},"26":{"start":{"line":45,"column":4},"end":{"line":45,"column":78}},"27":{"start":{"line":46,"column":4},"end":{"line":46,"column":20}}},"fnMap":{"0":{"name":"(anonymous_8)","decl":{"start":{"line":26,"column":8},"end":{"line":26,"column":9}},"loc":{"start":{"line":26,"column":94},"end":{"line":29,"column":1}}},"1":{"name":"(anonymous_9)","decl":{"start":{"line":32,"column":1},"end":{"line":32,"column":10}},"loc":{"start":{"line":32,"column":12},"end":{"line":48,"column":2}}},"2":{"name":"(anonymous_10)","decl":{"start":{"line":32,"column":12},"end":{"line":32,"column":null}},"loc":{"start":{"line":32,"column":12},"end":{"line":48,"column":1}}},"3":{"name":"(anonymous_11)","decl":{"start":{"line":43,"column":21},"end":{"line":43,"column":24}},"loc":{"start":{"line":43,"column":27},"end":{"line":43,"column":72}}}},"branchMap":{"0":{"loc":{"start":{"line":13,"column":13},"end":{"line":13,"column":37}},"type":"binary-expr","locations":[{"start":{"line":13,"column":13},"end":{"line":13,"column":29}},{"start":{"line":13,"column":33},"end":{"line":13,"column":37}}]}},"s":{"0":0,"1":0,"2":0,"3":0,"4":0,"5":0,"6":0,"7":0,"8":0,"9":0,"10":0,"11":0,"12":0,"13":0,"14":0,"15":0,"16":0,"17":0,"18":0,"19":0,"20":0,"21":0,"22":0,"23":0,"24":0,"25":0,"26":0,"27":0},"f":{"0":0,"1":0,"2":0,"3":0},"b":{"0":[0,0]}}
,"/home/luiza/Documentos/oma/Tcc-OMA/backend/src/sum.ts": {"path":"/home/luiza/Documentos/oma/Tcc-OMA/backend/src/sum.ts","statementMap":{"0":{"start":{"line":1,"column":0},"end":{"line":1,"column":16}},"1":{"start":{"line":2,"column":4},"end":{"line":2,"column":17}}},"fnMap":{"0":{"name":"sum","decl":{"start":{"line":1,"column":16},"end":{"line":1,"column":19}},"loc":{"start":{"line":1,"column":40},"end":{"line":3,"column":3}}}},"branchMap":{},"s":{"0":1,"1":1},"f":{"0":1},"b":{}}
,"/home/luiza/Documentos/oma/Tcc-OMA/backend/src/config/db.ts": {"path":"/home/luiza/Documentos/oma/Tcc-OMA/backend/src/config/db.ts","statementMap":{"0":{"start":{"line":1,"column":0},"end":{"line":1,"column":32}},"1":{"start":{"line":2,"column":0},"end":{"line":2,"column":39}},"2":{"start":{"line":4,"column":17},"end":{"line":4,"column":48}},"3":{"start":{"line":8,"column":18},"end":{"line":31,"column":2}},"4":{"start":{"line":8,"column":29},"end":{"line":31,"column":2}},"5":{"start":{"line":9,"column":2},"end":{"line":30,"column":3}},"6":{"start":{"line":11,"column":23},"end":{"line":11,"column":55}},"7":{"start":{"line":13,"column":4},"end":{"line":13,"column":53}},"8":{"start":{"line":16,"column":25},"end":{"line":16,"column":47}},"9":{"start":{"line":18,"column":4},"end":{"line":20,"column":5}},"10":{"start":{"line":19,"column":6},"end":{"line":19,"column":70}},"11":{"start":{"line":23,"column":4},"end":{"line":25,"column":7}},"12":{"start":{"line":26,"column":4},"end":{"line":26,"column":45}},"13":{"start":{"line":28,"column":4},"end":{"line":28,"column":57}},"14":{"start":{"line":29,"column":4},"end":{"line":29,"column":20}},"15":{"start":{"line":33,"column":9},"end":{"line":33,"column":18}}},"fnMap":{"0":{"name":"(anonymous_8)","decl":{"start":{"line":8,"column":18},"end":{"line":8,"column":27}},"loc":{"start":{"line":8,"column":29},"end":{"line":31,"column":2}}},"1":{"name":"(anonymous_9)","decl":{"start":{"line":8,"column":29},"end":{"line":8,"column":null}},"loc":{"start":{"line":8,"column":29},"end":{"line":31,"column":1}}}},"branchMap":{"0":{"loc":{"start":{"line":18,"column":4},"end":{"line":20,"column":5}},"type":"if","locations":[{"start":{"line":18,"column":4},"end":{"line":20,"column":5}}]}},"s":{"0":0,"1":0,"2":0,"3":0,"4":0,"5":0,"6":0,"7":0,"8":0,"9":0,"10":0,"11":0,"12":0,"13":0,"14":0,"15":0},"f":{"0":0,"1":0},"b":{"0":[0]}}
,"/home/luiza/Documentos/oma/Tcc-OMA/backend/src/controllers/categoryController.ts": {"path":"/home/luiza/Documentos/oma/Tcc-OMA/backend/src/controllers/categoryController.ts","statementMap":{"0":{"start":{"line":2,"column":0},"end":{"line":2,"column":42}},"1":{"start":{"line":3,"column":0},"end":{"line":3,"column":34}},"2":{"start":{"line":5,"column":30},"end":{"line":25,"column":2}},"3":{"start":{"line":5,"column":68},"end":{"line":25,"column":2}},"4":{"start":{"line":6,"column":2},"end":{"line":24,"column":3}},"5":{"start":{"line":7,"column":29},"end":{"line":7,"column":37}},"6":{"start":{"line":9,"column":17},"end":{"line":9,"column":44}},"7":{"start":{"line":10,"column":4},"end":{"line":12,"column":5}},"8":{"start":{"line":11,"column":6},"end":{"line":11,"column":72}},"9":{"start":{"line":14,"column":24},"end":{"line":17,"column":6}},"10":{"start":{"line":19,"column":4},"end":{"line":19,"column":29}},"11":{"start":{"line":20,"column":4},"end":{"line":20,"column":52}},"12":{"start":{"line":22,"column":4},"end":{"line":22,"column":51}},"13":{"start":{"line":23,"column":4},"end":{"line":23,"column":64}},"14":{"start":{"line":5,"column":13},"end":{"line":5,"column":30}},"15":{"start":{"line":27,"column":29},"end":{"line":41,"column":2}},"16":{"start":{"line":27,"column":67},"end":{"line":41,"column":2}},"17":{"start":{"line":28,"column":2},"end":{"line":40,"column":3}},"18":{"start":{"line":29,"column":23},"end":{"line":29,"column":33}},"19":{"start":{"line":31,"column":4},"end":{"line":33,"column":5}},"20":{"start":{"line":32,"column":6},"end":{"line":32,"column":71}},"21":{"start":{"line":35,"column":23},"end":{"line":35,"column":54}},"22":{"start":{"line":36,"column":4},"end":{"line":36,"column":41}},"23":{"start":{"line":38,"column":4},"end":{"line":38,"column":53}},"24":{"start":{"line":39,"column":4},"end":{"line":39,"column":66}},"25":{"start":{"line":27,"column":13},"end":{"line":27,"column":29}},"26":{"start":{"line":44,"column":30},"end":{"line":68,"column":2}},"27":{"start":{"line":44,"column":68},"end":{"line":68,"column":2}},"28":{"start":{"line":45,"column":2},"end":{"line":67,"column":3}},"29":{"start":{"line":46,"column":19},"end":{"line":46,"column":29}},"30":{"start":{"line":47,"column":29},"end":{"line":47,"column":37}},"31":{"start":{"line":49,"column":17},"end":{"line":49,"column":44}},"32":{"start":{"line":50,"column":4},"end":{"line":52,"column":5}},"33":{"start":{"line":51,"column":6},"end":{"line":51,"column":72}},"34":{"start":{"line":53,"column":28},"end":{"line":56,"column":null}},"35":{"start":{"line":59,"column":4},"end":{"line":61,"column":5}},"36":{"start":{"line":60,"column":6},"end":{"line":60,"column":74}},"37":{"start":{"line":63,"column":4},"end":{"line":63,"column":56}},"38":{"start":{"line":65,"column":4},"end":{"line":65,"column":55}},"39":{"start":{"line":66,"column":4},"end":{"line":66,"column":68}},"40":{"start":{"line":44,"column":13},"end":{"line":44,"column":30}},"41":{"start":{"line":70,"column":30},"end":{"line":85,"column":2}},"42":{"start":{"line":70,"column":68},"end":{"line":85,"column":2}},"43":{"start":{"line":71,"column":2},"end":{"line":84,"column":3}},"44":{"start":{"line":72,"column":19},"end":{"line":72,"column":29}},"45":{"start":{"line":74,"column":28},"end":{"line":74,"column":64}},"46":{"start":{"line":76,"column":4},"end":{"line":78,"column":5}},"47":{"start":{"line":77,"column":6},"end":{"line":77,"column":74}},"48":{"start":{"line":80,"column":4},"end":{"line":80,"column":73}},"49":{"start":{"line":82,"column":4},"end":{"line":82,"column":53}},"50":{"start":{"line":83,"column":4},"end":{"line":83,"column":66}},"51":{"start":{"line":70,"column":13},"end":{"line":70,"column":30}},"52":{"start":{"line":87,"column":30},"end":{"line":113,"column":2}},"53":{"start":{"line":87,"column":68},"end":{"line":113,"column":2}},"54":{"start":{"line":88,"column":2},"end":{"line":112,"column":3}},"55":{"start":{"line":89,"column":30},"end":{"line":89,"column":40}},"56":{"start":{"line":91,"column":4},"end":{"line":93,"column":5}},"57":{"start":{"line":92,"column":6},"end":{"line":92,"column":79}},"58":{"start":{"line":95,"column":4},"end":{"line":97,"column":5}},"59":{"start":{"line":96,"column":6},"end":{"line":96,"column":80}},"60":{"start":{"line":99,"column":23},"end":{"line":102,"column":6}},"61":{"start":{"line":104,"column":19},"end":{"line":106,"column":6}},"62":{"start":{"line":108,"column":4},"end":{"line":108,"column":33}},"63":{"start":{"line":110,"column":4},"end":{"line":110,"column":58}},"64":{"start":{"line":111,"column":4},"end":{"line":111,"column":65}},"65":{"start":{"line":87,"column":13},"end":{"line":87,"column":30}}},"fnMap":{"0":{"name":"(anonymous_8)","decl":{"start":{"line":5,"column":30},"end":{"line":5,"column":37}},"loc":{"start":{"line":5,"column":68},"end":{"line":25,"column":2}}},"1":{"name":"(anonymous_9)","decl":{"start":{"line":5,"column":68},"end":{"line":5,"column":null}},"loc":{"start":{"line":5,"column":68},"end":{"line":25,"column":1}}},"2":{"name":"(anonymous_10)","decl":{"start":{"line":27,"column":29},"end":{"line":27,"column":36}},"loc":{"start":{"line":27,"column":67},"end":{"line":41,"column":2}}},"3":{"name":"(anonymous_11)","decl":{"start":{"line":27,"column":67},"end":{"line":27,"column":null}},"loc":{"start":{"line":27,"column":67},"end":{"line":41,"column":1}}},"4":{"name":"(anonymous_12)","decl":{"start":{"line":44,"column":30},"end":{"line":44,"column":37}},"loc":{"start":{"line":44,"column":68},"end":{"line":68,"column":2}}},"5":{"name":"(anonymous_13)","decl":{"start":{"line":44,"column":68},"end":{"line":44,"column":null}},"loc":{"start":{"line":44,"column":68},"end":{"line":68,"column":1}}},"6":{"name":"(anonymous_14)","decl":{"start":{"line":70,"column":30},"end":{"line":70,"column":37}},"loc":{"start":{"line":70,"column":68},"end":{"line":85,"column":2}}},"7":{"name":"(anonymous_15)","decl":{"start":{"line":70,"column":68},"end":{"line":70,"column":null}},"loc":{"start":{"line":70,"column":68},"end":{"line":85,"column":1}}},"8":{"name":"(anonymous_16)","decl":{"start":{"line":87,"column":30},"end":{"line":87,"column":37}},"loc":{"start":{"line":87,"column":68},"end":{"line":113,"column":2}}},"9":{"name":"(anonymous_17)","decl":{"start":{"line":87,"column":68},"end":{"line":87,"column":null}},"loc":{"start":{"line":87,"column":68},"end":{"line":113,"column":1}}}},"branchMap":{"0":{"loc":{"start":{"line":10,"column":4},"end":{"line":12,"column":5}},"type":"if","locations":[{"start":{"line":10,"column":4},"end":{"line":12,"column":5}}]},"1":{"loc":{"start":{"line":31,"column":4},"end":{"line":33,"column":5}},"type":"if","locations":[{"start":{"line":31,"column":4},"end":{"line":33,"column":5}}]},"2":{"loc":{"start":{"line":50,"column":4},"end":{"line":52,"column":5}},"type":"if","locations":[{"start":{"line":50,"column":4},"end":{"line":52,"column":5}}]},"3":{"loc":{"start":{"line":59,"column":4},"end":{"line":61,"column":5}},"type":"if","locations":[{"start":{"line":59,"column":4},"end":{"line":61,"column":5}}]},"4":{"loc":{"start":{"line":76,"column":4},"end":{"line":78,"column":5}},"type":"if","locations":[{"start":{"line":76,"column":4},"end":{"line":78,"column":5}}]},"5":{"loc":{"start":{"line":91,"column":4},"end":{"line":93,"column":5}},"type":"if","locations":[{"start":{"line":91,"column":4},"end":{"line":93,"column":5}}]},"6":{"loc":{"start":{"line":95,"column":4},"end":{"line":97,"column":5}},"type":"if","locations":[{"start":{"line":95,"column":4},"end":{"line":97,"column":5}}]},"7":{"loc":{"start":{"line":95,"column":8},"end":{"line":95,"column":37}},"type":"binary-expr","locations":[{"start":{"line":95,"column":8},"end":{"line":95,"column":14}},{"start":{"line":95,"column":18},"end":{"line":95,"column":37}}]}},"s":{"0":0,"1":0,"2":0,"3":0,"4":0,"5":0,"6":0,"7":0,"8":0,"9":0,"10":0,"11":0,"12":0,"13":0,"14":0,"15":0,"16":0,"17":0,"18":0,"19":0,"20":0,"21":0,"22":0,"23":0,"24":0,"25":0,"26":0,"27":0,"28":0,"29":0,"30":0,"31":0,"32":0,"33":0,"34":0,"35":0,"36":0,"37":0,"38":0,"39":0,"40":0,"41":0,"42":0,"43":0,"44":0,"45":0,"46":0,"47":0,"48":0,"49":0,"50":0,"51":0,"52":0,"53":0,"54":0,"55":0,"56":0,"57":0,"58":0,"59":0,"60":0,"61":0,"62":0,"63":0,"64":0,"65":0},"f":{"0":0,"1":0,"2":0,"3":0,"4":0,"5":0,"6":0,"7":0,"8":0,"9":0},"b":{"0":[0],"1":[0],"2":[0],"3":[0],"4":[0],"5":[0],"6":[0],"7":[0,0]}}
,"/home/luiza/Documentos/oma/Tcc-OMA/backend/src/controllers/groupController.ts": {"path":"/home/luiza/Documentos/oma/Tcc-OMA/backend/src/controllers/groupController.ts","statementMap":{"0":{"start":{"line":2,"column":0},"end":{"line":2,"column":36}},"1":{"start":{"line":3,"column":0},"end":{"line":3,"column":34}},"2":{"start":{"line":4,"column":0},"end":{"line":4,"column":42}},"3":{"start":{"line":5,"column":0},"end":{"line":5,"column":34}},"4":{"start":{"line":7,"column":27},"end":{"line":33,"column":2}},"5":{"start":{"line":7,"column":65},"end":{"line":33,"column":2}},"6":{"start":{"line":8,"column":2},"end":{"line":32,"column":3}},"7":{"start":{"line":9,"column":41},"end":{"line":9,"column":49}},"8":{"start":{"line":11,"column":17},"end":{"line":11,"column":44}},"9":{"start":{"line":12,"column":4},"end":{"line":14,"column":5}},"10":{"start":{"line":13,"column":6},"end":{"line":13,"column":72}},"11":{"start":{"line":16,"column":19},"end":{"line":16,"column":23}},"12":{"start":{"line":17,"column":4},"end":{"line":22,"column":5}},"13":{"start":{"line":18,"column":6},"end":{"line":18,"column":53}},"14":{"start":{"line":19,"column":6},"end":{"line":21,"column":7}},"15":{"start":{"line":20,"column":8},"end":{"line":20,"column":76}},"16":{"start":{"line":24,"column":21},"end":{"line":24,"column":80}},"17":{"start":{"line":26,"column":4},"end":{"line":26,"column":26}},"18":{"start":{"line":28,"column":4},"end":{"line":28,"column":84}},"19":{"start":{"line":30,"column":4},"end":{"line":30,"column":47}},"20":{"start":{"line":31,"column":4},"end":{"line":31,"column":60}},"21":{"start":{"line":7,"column":13},"end":{"line":7,"column":27}},"22":{"start":{"line":35,"column":34},"end":{"line":58,"column":2}},"23":{"start":{"line":35,"column":72},"end":{"line":58,"column":2}},"24":{"start":{"line":36,"column":2},"end":{"line":57,"column":3}},"25":{"start":{"line":37,"column":23},"end":{"line":37,"column":33}},"26":{"start":{"line":39,"column":19},"end":{"line":39,"column":54}},"27":{"start":{"line":41,"column":31},"end":{"line":50,"column":null}},"28":{"start":{"line":42,"column":33},"end":{"line":50,"column":8}},"29":{"start":{"line":43,"column":25},"end":{"line":43,"column":66}},"30":{"start":{"line":44,"column":29},"end":{"line":44,"column":71}},"31":{"start":{"line":46,"column":8},"end":{"line":48,"column":null}},"32":{"start":{"line":53,"column":4},"end":{"line":53,"column":45}},"33":{"start":{"line":55,"column":4},"end":{"line":55,"column":61}},"34":{"start":{"line":56,"column":4},"end":{"line":56,"column":62}},"35":{"start":{"line":35,"column":13},"end":{"line":35,"column":34}},"36":{"start":{"line":60,"column":31},"end":{"line":93,"column":2}},"37":{"start":{"line":60,"column":69},"end":{"line":93,"column":2}},"38":{"start":{"line":61,"column":2},"end":{"line":92,"column":3}},"39":{"start":{"line":62,"column":23},"end":{"line":62,"column":33}},"40":{"start":{"line":64,"column":17},"end":{"line":64,"column":44}},"41":{"start":{"line":65,"column":4},"end":{"line":67,"column":5}},"42":{"start":{"line":66,"column":6},"end":{"line":66,"column":72}},"43":{"start":{"line":69,"column":19},"end":{"line":69,"column":78}},"44":{"start":{"line":71,"column":52},"end":{"line":71,"column":54}},"45":{"start":{"line":72,"column":4},"end":{"line":86,"column":5}},"46":{"start":{"line":73,"column":23},"end":{"line":73,"column":64}},"47":{"start":{"line":74,"column":27},"end":{"line":74,"column":69}},"48":{"start":{"line":75,"column":19},"end":{"line":75,"column":103}},"49":{"start":{"line":77,"column":6},"end":{"line":85,"column":7}},"50":{"start":{"line":78,"column":8},"end":{"line":80,"column":9}},"51":{"start":{"line":79,"column":10},"end":{"line":79,"column":34}},"52":{"start":{"line":81,"column":8},"end":{"line":84,"column":11}},"53":{"start":{"line":88,"column":4},"end":{"line":88,"column":39}},"54":{"start":{"line":90,"column":4},"end":{"line":90,"column":58}},"55":{"start":{"line":91,"column":4},"end":{"line":91,"column":62}},"56":{"start":{"line":60,"column":13},"end":{"line":60,"column":31}},"57":{"start":{"line":96,"column":35},"end":{"line":122,"column":2}},"58":{"start":{"line":96,"column":73},"end":{"line":122,"column":2}},"59":{"start":{"line":97,"column":2},"end":{"line":121,"column":3}},"60":{"start":{"line":98,"column":35},"end":{"line":98,"column":45}},"61":{"start":{"line":100,"column":17},"end":{"line":100,"column":44}},"62":{"start":{"line":101,"column":4},"end":{"line":103,"column":5}},"63":{"start":{"line":102,"column":6},"end":{"line":102,"column":72}},"64":{"start":{"line":105,"column":21},"end":{"line":105,"column":56}},"65":{"start":{"line":106,"column":4},"end":{"line":108,"column":5}},"66":{"start":{"line":107,"column":6},"end":{"line":107,"column":74}},"67":{"start":{"line":110,"column":19},"end":{"line":110,"column":59}},"68":{"start":{"line":112,"column":35},"end":{"line":115,"column":7}},"69":{"start":{"line":112,"column":55},"end":{"line":114,"column":null}},"70":{"start":{"line":117,"column":4},"end":{"line":117,"column":61}},"71":{"start":{"line":119,"column":4},"end":{"line":119,"column":63}},"72":{"start":{"line":120,"column":4},"end":{"line":120,"column":62}},"73":{"start":{"line":96,"column":13},"end":{"line":96,"column":35}},"74":{"start":{"line":127,"column":33},"end":{"line":147,"column":2}},"75":{"start":{"line":127,"column":71},"end":{"line":147,"column":2}},"76":{"start":{"line":128,"column":2},"end":{"line":146,"column":3}},"77":{"start":{"line":129,"column":29},"end":{"line":129,"column":38}},"78":{"start":{"line":131,"column":17},"end":{"line":131,"column":44}},"79":{"start":{"line":132,"column":4},"end":{"line":134,"column":5}},"80":{"start":{"line":133,"column":6},"end":{"line":133,"column":72}},"81":{"start":{"line":136,"column":18},"end":{"line":136,"column":88}},"82":{"start":{"line":138,"column":4},"end":{"line":140,"column":5}},"83":{"start":{"line":139,"column":6},"end":{"line":139,"column":70}},"84":{"start":{"line":142,"column":4},"end":{"line":142,"column":36}},"85":{"start":{"line":144,"column":4},"end":{"line":144,"column":48}},"86":{"start":{"line":145,"column":4},"end":{"line":145,"column":61}},"87":{"start":{"line":127,"column":13},"end":{"line":127,"column":33}},"88":{"start":{"line":151,"column":28},"end":{"line":171,"column":2}},"89":{"start":{"line":151,"column":66},"end":{"line":171,"column":2}},"90":{"start":{"line":152,"column":2},"end":{"line":170,"column":3}},"91":{"start":{"line":153,"column":32},"end":{"line":153,"column":42}},"92":{"start":{"line":155,"column":17},"end":{"line":155,"column":44}},"93":{"start":{"line":156,"column":4},"end":{"line":158,"column":5}},"94":{"start":{"line":157,"column":6},"end":{"line":157,"column":72}},"95":{"start":{"line":160,"column":18},"end":{"line":160,"column":63}},"96":{"start":{"line":162,"column":4},"end":{"line":164,"column":5}},"97":{"start":{"line":163,"column":6},"end":{"line":163,"column":70}},"98":{"start":{"line":166,"column":4},"end":{"line":166,"column":36}},"99":{"start":{"line":168,"column":4},"end":{"line":168,"column":48}},"100":{"start":{"line":169,"column":4},"end":{"line":169,"column":61}},"101":{"start":{"line":151,"column":13},"end":{"line":151,"column":28}},"102":{"start":{"line":173,"column":27},"end":{"line":206,"column":2}},"103":{"start":{"line":173,"column":65},"end":{"line":206,"column":2}},"104":{"start":{"line":174,"column":2},"end":{"line":205,"column":3}},"105":{"start":{"line":175,"column":31},"end":{"line":175,"column":41}},"106":{"start":{"line":176,"column":33},"end":{"line":176,"column":41}},"107":{"start":{"line":178,"column":17},"end":{"line":178,"column":44}},"108":{"start":{"line":179,"column":4},"end":{"line":181,"column":5}},"109":{"start":{"line":180,"column":6},"end":{"line":180,"column":72}},"110":{"start":{"line":183,"column":19},"end":{"line":183,"column":23}},"111":{"start":{"line":184,"column":4},"end":{"line":189,"column":5}},"112":{"start":{"line":185,"column":6},"end":{"line":185,"column":53}},"113":{"start":{"line":186,"column":6},"end":{"line":188,"column":7}},"114":{"start":{"line":187,"column":8},"end":{"line":187,"column":76}},"115":{"start":{"line":191,"column":25},"end":{"line":194,"column":null}},"116":{"start":{"line":197,"column":4},"end":{"line":199,"column":5}},"117":{"start":{"line":198,"column":6},"end":{"line":198,"column":70}},"118":{"start":{"line":201,"column":4},"end":{"line":201,"column":92}},"119":{"start":{"line":203,"column":4},"end":{"line":203,"column":51}},"120":{"start":{"line":204,"column":4},"end":{"line":204,"column":64}},"121":{"start":{"line":173,"column":13},"end":{"line":173,"column":27}},"122":{"start":{"line":208,"column":27},"end":{"line":231,"column":2}},"123":{"start":{"line":208,"column":65},"end":{"line":231,"column":2}},"124":{"start":{"line":209,"column":2},"end":{"line":230,"column":3}},"125":{"start":{"line":210,"column":32},"end":{"line":210,"column":42}},"126":{"start":{"line":212,"column":17},"end":{"line":212,"column":44}},"127":{"start":{"line":213,"column":4},"end":{"line":215,"column":5}},"128":{"start":{"line":214,"column":6},"end":{"line":214,"column":72}},"129":{"start":{"line":217,"column":25},"end":{"line":217,"column":79}},"130":{"start":{"line":219,"column":4},"end":{"line":221,"column":5}},"131":{"start":{"line":220,"column":6},"end":{"line":220,"column":70}},"132":{"start":{"line":224,"column":4},"end":{"line":224,"column":47}},"133":{"start":{"line":226,"column":4},"end":{"line":226,"column":83}},"134":{"start":{"line":228,"column":4},"end":{"line":228,"column":49}},"135":{"start":{"line":229,"column":4},"end":{"line":229,"column":62}},"136":{"start":{"line":208,"column":13},"end":{"line":208,"column":27}},"137":{"start":{"line":235,"column":22},"end":{"line":295,"column":2}},"138":{"start":{"line":235,"column":60},"end":{"line":295,"column":2}},"139":{"start":{"line":236,"column":2},"end":{"line":294,"column":5}},"140":{"start":{"line":237,"column":32},"end":{"line":237,"column":42}},"141":{"start":{"line":239,"column":6},"end":{"line":241,"column":7}},"142":{"start":{"line":240,"column":8},"end":{"line":240,"column":81}},"143":{"start":{"line":243,"column":6},"end":{"line":245,"column":7}},"144":{"start":{"line":244,"column":8},"end":{"line":244,"column":82}},"145":{"start":{"line":247,"column":25},"end":{"line":247,"column":27}},"146":{"start":{"line":249,"column":24},"end":{"line":257,"column":8}},"147":{"start":{"line":259,"column":25},"end":{"line":266,"column":8}},"148":{"start":{"line":268,"column":6},"end":{"line":268,"column":44}},"149":{"start":{"line":270,"column":29},"end":{"line":278,"column":8}},"150":{"start":{"line":271,"column":8},"end":{"line":273,"column":9}},"151":{"start":{"line":272,"column":10},"end":{"line":272,"column":22}},"152":{"start":{"line":274,"column":8},"end":{"line":276,"column":null}},"153":{"start":{"line":280,"column":21},"end":{"line":283,"column":8}},"154":{"start":{"line":285,"column":21},"end":{"line":288,"column":8}},"155":{"start":{"line":290,"column":6},"end":{"line":290,"column":35}},"156":{"start":{"line":292,"column":6},"end":{"line":292,"column":60}},"157":{"start":{"line":293,"column":6},"end":{"line":293,"column":67}},"158":{"start":{"line":235,"column":13},"end":{"line":235,"column":22}},"159":{"start":{"line":297,"column":27},"end":{"line":324,"column":2}},"160":{"start":{"line":297,"column":65},"end":{"line":324,"column":2}},"161":{"start":{"line":298,"column":4},"end":{"line":323,"column":5}},"162":{"start":{"line":299,"column":32},"end":{"line":299,"column":42}},"163":{"start":{"line":301,"column":6},"end":{"line":303,"column":7}},"164":{"start":{"line":302,"column":8},"end":{"line":302,"column":81}},"165":{"start":{"line":305,"column":6},"end":{"line":307,"column":7}},"166":{"start":{"line":306,"column":8},"end":{"line":306,"column":82}},"167":{"start":{"line":310,"column":21},"end":{"line":313,"column":8}},"168":{"start":{"line":315,"column":21},"end":{"line":317,"column":8}},"169":{"start":{"line":319,"column":6},"end":{"line":319,"column":35}},"170":{"start":{"line":321,"column":6},"end":{"line":321,"column":60}},"171":{"start":{"line":322,"column":6},"end":{"line":322,"column":67}},"172":{"start":{"line":297,"column":13},"end":{"line":297,"column":27}}},"fnMap":{"0":{"name":"(anonymous_8)","decl":{"start":{"line":7,"column":27},"end":{"line":7,"column":34}},"loc":{"start":{"line":7,"column":65},"end":{"line":33,"column":2}}},"1":{"name":"(anonymous_9)","decl":{"start":{"line":7,"column":65},"end":{"line":7,"column":null}},"loc":{"start":{"line":7,"column":65},"end":{"line":33,"column":1}}},"2":{"name":"(anonymous_10)","decl":{"start":{"line":35,"column":34},"end":{"line":35,"column":41}},"loc":{"start":{"line":35,"column":72},"end":{"line":58,"column":2}}},"3":{"name":"(anonymous_11)","decl":{"start":{"line":35,"column":72},"end":{"line":35,"column":null}},"loc":{"start":{"line":35,"column":72},"end":{"line":58,"column":1}}},"4":{"name":"(anonymous_12)","decl":{"start":{"line":42,"column":17},"end":{"line":42,"column":24}},"loc":{"start":{"line":42,"column":33},"end":{"line":50,"column":8}}},"5":{"name":"(anonymous_13)","decl":{"start":{"line":42,"column":33},"end":{"line":42,"column":null}},"loc":{"start":{"line":42,"column":33},"end":{"line":50,"column":7}}},"6":{"name":"(anonymous_14)","decl":{"start":{"line":60,"column":31},"end":{"line":60,"column":38}},"loc":{"start":{"line":60,"column":69},"end":{"line":93,"column":2}}},"7":{"name":"(anonymous_15)","decl":{"start":{"line":60,"column":69},"end":{"line":60,"column":null}},"loc":{"start":{"line":60,"column":69},"end":{"line":93,"column":1}}},"8":{"name":"(anonymous_16)","decl":{"start":{"line":96,"column":35},"end":{"line":96,"column":42}},"loc":{"start":{"line":96,"column":73},"end":{"line":122,"column":2}}},"9":{"name":"(anonymous_17)","decl":{"start":{"line":96,"column":73},"end":{"line":96,"column":null}},"loc":{"start":{"line":96,"column":73},"end":{"line":122,"column":1}}},"10":{"name":"(anonymous_18)","decl":{"start":{"line":112,"column":46},"end":{"line":112,"column":51}},"loc":{"start":{"line":112,"column":55},"end":{"line":114,"column":null}}},"11":{"name":"(anonymous_19)","decl":{"start":{"line":127,"column":33},"end":{"line":127,"column":40}},"loc":{"start":{"line":127,"column":71},"end":{"line":147,"column":2}}},"12":{"name":"(anonymous_20)","decl":{"start":{"line":127,"column":71},"end":{"line":127,"column":null}},"loc":{"start":{"line":127,"column":71},"end":{"line":147,"column":1}}},"13":{"name":"(anonymous_21)","decl":{"start":{"line":151,"column":28},"end":{"line":151,"column":35}},"loc":{"start":{"line":151,"column":66},"end":{"line":171,"column":2}}},"14":{"name":"(anonymous_22)","decl":{"start":{"line":151,"column":66},"end":{"line":151,"column":null}},"loc":{"start":{"line":151,"column":66},"end":{"line":171,"column":1}}},"15":{"name":"(anonymous_23)","decl":{"start":{"line":173,"column":27},"end":{"line":173,"column":34}},"loc":{"start":{"line":173,"column":65},"end":{"line":206,"column":2}}},"16":{"name":"(anonymous_24)","decl":{"start":{"line":173,"column":65},"end":{"line":173,"column":null}},"loc":{"start":{"line":173,"column":65},"end":{"line":206,"column":1}}},"17":{"name":"(anonymous_25)","decl":{"start":{"line":208,"column":27},"end":{"line":208,"column":34}},"loc":{"start":{"line":208,"column":65},"end":{"line":231,"column":2}}},"18":{"name":"(anonymous_26)","decl":{"start":{"line":208,"column":65},"end":{"line":208,"column":null}},"loc":{"start":{"line":208,"column":65},"end":{"line":231,"column":1}}},"19":{"name":"(anonymous_27)","decl":{"start":{"line":235,"column":22},"end":{"line":235,"column":29}},"loc":{"start":{"line":235,"column":60},"end":{"line":295,"column":2}}},"20":{"name":"(anonymous_28)","decl":{"start":{"line":235,"column":60},"end":{"line":235,"column":null}},"loc":{"start":{"line":235,"column":60},"end":{"line":295,"column":1}}},"21":{"name":"(anonymous_29)","decl":{"start":{"line":270,"column":39},"end":{"line":270,"column":43}},"loc":{"start":{"line":270,"column":46},"end":{"line":278,"column":7}}},"22":{"name":"(anonymous_30)","decl":{"start":{"line":297,"column":27},"end":{"line":297,"column":34}},"loc":{"start":{"line":297,"column":65},"end":{"line":324,"column":2}}},"23":{"name":"(anonymous_31)","decl":{"start":{"line":297,"column":65},"end":{"line":297,"column":null}},"loc":{"start":{"line":297,"column":65},"end":{"line":324,"column":1}}}},"branchMap":{"0":{"loc":{"start":{"line":12,"column":4},"end":{"line":14,"column":5}},"type":"if","locations":[{"start":{"line":12,"column":4},"end":{"line":14,"column":5}}]},"1":{"loc":{"start":{"line":17,"column":4},"end":{"line":22,"column":5}},"type":"if","locations":[{"start":{"line":17,"column":4},"end":{"line":22,"column":5}}]},"2":{"loc":{"start":{"line":19,"column":6},"end":{"line":21,"column":7}},"type":"if","locations":[{"start":{"line":19,"column":6},"end":{"line":21,"column":7}}]},"3":{"loc":{"start":{"line":24,"column":51},"end":{"line":24,"column":69}},"type":"binary-expr","locations":[{"start":{"line":24,"column":51},"end":{"line":24,"column":61}},{"start":{"line":24,"column":65},"end":{"line":24,"column":69}}]},"4":{"loc":{"start":{"line":44,"column":29},"end":{"line":44,"column":71}},"type":"cond-expr","locations":[{"start":{"line":44,"column":40},"end":{"line":44,"column":53}},{"start":{"line":44,"column":56},"end":{"line":44,"column":71}}]},"5":{"loc":{"start":{"line":65,"column":4},"end":{"line":67,"column":5}},"type":"if","locations":[{"start":{"line":65,"column":4},"end":{"line":67,"column":5}}]},"6":{"loc":{"start":{"line":74,"column":27},"end":{"line":74,"column":69}},"type":"cond-expr","locations":[{"start":{"line":74,"column":38},"end":{"line":74,"column":51}},{"start":{"line":74,"column":54},"end":{"line":74,"column":69}}]},"7":{"loc":{"start":{"line":75,"column":19},"end":{"line":75,"column":103}},"type":"cond-expr","locations":[{"start":{"line":75,"column":53},"end":{"line":75,"column":96}},{"start":{"line":75,"column":99},"end":{"line":75,"column":103}}]},"8":{"loc":{"start":{"line":77,"column":6},"end":{"line":85,"column":7}},"type":"if","locations":[{"start":{"line":77,"column":6},"end":{"line":85,"column":7}}]},"9":{"loc":{"start":{"line":78,"column":8},"end":{"line":80,"column":9}},"type":"if","locations":[{"start":{"line":78,"column":8},"end":{"line":80,"column":9}}]},"10":{"loc":{"start":{"line":101,"column":4},"end":{"line":103,"column":5}},"type":"if","locations":[{"start":{"line":101,"column":4},"end":{"line":103,"column":5}}]},"11":{"loc":{"start":{"line":106,"column":4},"end":{"line":108,"column":5}},"type":"if","locations":[{"start":{"line":106,"column":4},"end":{"line":108,"column":5}}]},"12":{"loc":{"start":{"line":132,"column":4},"end":{"line":134,"column":5}},"type":"if","locations":[{"start":{"line":132,"column":4},"end":{"line":134,"column":5}}]},"13":{"loc":{"start":{"line":138,"column":4},"end":{"line":140,"column":5}},"type":"if","locations":[{"start":{"line":138,"column":4},"end":{"line":140,"column":5}}]},"14":{"loc":{"start":{"line":156,"column":4},"end":{"line":158,"column":5}},"type":"if","locations":[{"start":{"line":156,"column":4},"end":{"line":158,"column":5}}]},"15":{"loc":{"start":{"line":162,"column":4},"end":{"line":164,"column":5}},"type":"if","locations":[{"start":{"line":162,"column":4},"end":{"line":164,"column":5}}]},"16":{"loc":{"start":{"line":179,"column":4},"end":{"line":181,"column":5}},"type":"if","locations":[{"start":{"line":179,"column":4},"end":{"line":181,"column":5}}]},"17":{"loc":{"start":{"line":184,"column":4},"end":{"line":189,"column":5}},"type":"if","locations":[{"start":{"line":184,"column":4},"end":{"line":189,"column":5}}]},"18":{"loc":{"start":{"line":186,"column":6},"end":{"line":188,"column":7}},"type":"if","locations":[{"start":{"line":186,"column":6},"end":{"line":188,"column":7}}]},"19":{"loc":{"start":{"line":193,"column":26},"end":{"line":193,"column":44}},"type":"binary-expr","locations":[{"start":{"line":193,"column":26},"end":{"line":193,"column":36}},{"start":{"line":193,"column":40},"end":{"line":193,"column":44}}]},"20":{"loc":{"start":{"line":197,"column":4},"end":{"line":199,"column":5}},"type":"if","locations":[{"start":{"line":197,"column":4},"end":{"line":199,"column":5}}]},"21":{"loc":{"start":{"line":213,"column":4},"end":{"line":215,"column":5}},"type":"if","locations":[{"start":{"line":213,"column":4},"end":{"line":215,"column":5}}]},"22":{"loc":{"start":{"line":219,"column":4},"end":{"line":221,"column":5}},"type":"if","locations":[{"start":{"line":219,"column":4},"end":{"line":221,"column":5}}]},"23":{"loc":{"start":{"line":239,"column":6},"end":{"line":241,"column":7}},"type":"if","locations":[{"start":{"line":239,"column":6},"end":{"line":241,"column":7}}]},"24":{"loc":{"start":{"line":243,"column":6},"end":{"line":245,"column":7}},"type":"if","locations":[{"start":{"line":243,"column":6},"end":{"line":245,"column":7}}]},"25":{"loc":{"start":{"line":243,"column":10},"end":{"line":243,"column":39}},"type":"binary-expr","locations":[{"start":{"line":243,"column":10},"end":{"line":243,"column":16}},{"start":{"line":243,"column":20},"end":{"line":243,"column":39}}]},"26":{"loc":{"start":{"line":271,"column":8},"end":{"line":273,"column":9}},"type":"if","locations":[{"start":{"line":271,"column":8},"end":{"line":273,"column":9}}]},"27":{"loc":{"start":{"line":301,"column":6},"end":{"line":303,"column":7}},"type":"if","locations":[{"start":{"line":301,"column":6},"end":{"line":303,"column":7}}]},"28":{"loc":{"start":{"line":305,"column":6},"end":{"line":307,"column":7}},"type":"if","locations":[{"start":{"line":305,"column":6},"end":{"line":307,"column":7}}]},"29":{"loc":{"start":{"line":305,"column":10},"end":{"line":305,"column":39}},"type":"binary-expr","locations":[{"start":{"line":305,"column":10},"end":{"line":305,"column":16}},{"start":{"line":305,"column":20},"end":{"line":305,"column":39}}]}},"s":{"0":0,"1":0,"2":0,"3":0,"4":0,"5":0,"6":0,"7":0,"8":0,"9":0,"10":0,"11":0,"12":0,"13":0,"14":0,"15":0,"16":0,"17":0,"18":0,"19":0,"20":0,"21":0,"22":0,"23":0,"24":0,"25":0,"26":0,"27":0,"28":0,"29":0,"30":0,"31":0,"32":0,"33":0,"34":0,"35":0,"36":0,"37":0,"38":0,"39":0,"40":0,"41":0,"42":0,"43":0,"44":0,"45":0,"46":0,"47":0,"48":0,"49":0,"50":0,"51":0,"52":0,"53":0,"54":0,"55":0,"56":0,"57":0,"58":0,"59":0,"60":0,"61":0,"62":0,"63":0,"64":0,"65":0,"66":0,"67":0,"68":0,"69":0,"70":0,"71":0,"72":0,"73":0,"74":0,"75":0,"76":0,"77":0,"78":0,"79":0,"80":0,"81":0,"82":0,"83":0,"84":0,"85":0,"86":0,"87":0,"88":0,"89":0,"90":0,"91":0,"92":0,"93":0,"94":0,"95":0,"96":0,"97":0,"98":0,"99":0,"100":0,"101":0,"102":0,"103":0,"104":0,"105":0,"106":0,"107":0,"108":0,"109":0,"110":0,"111":0,"112":0,"113":0,"114":0,"115":0,"116":0,"117":0,"118":0,"119":0,"120":0,"121":0,"122":0,"123":0,"124":0,"125":0,"126":0,"127":0,"128":0,"129":0,"130":0,"131":0,"132":0,"133":0,"134":0,"135":0,"136":0,"137":0,"138":0,"139":0,"140":0,"141":0,"142":0,"143":0,"144":0,"145":0,"146":0,"147":0,"148":0,"149":0,"150":0,"151":0,"152":0,"153":0,"154":0,"155":0,"156":0,"157":0,"158":0,"159":0,"160":0,"161":0,"162":0,"163":0,"164":0,"165":0,"166":0,"167":0,"168":0,"169":0,"170":0,"171":0,"172":0},"f":{"0":0,"1":0,"2":0,"3":0,"4":0,"5":0,"6":0,"7":0,"8":0,"9":0,"10":0,"11":0,"12":0,"13":0,"14":0,"15":0,"16":0,"17":0,"18":0,"19":0,"20":0,"21":0,"22":0,"23":0},"b":{"0":[0],"1":[0],"2":[0],"3":[0,0],"4":[0,0],"5":[0],"6":[0,0],"7":[0,0],"8":[0],"9":[0],"10":[0],"11":[0],"12":[0],"13":[0],"14":[0],"15":[0],"16":[0],"17":[0],"18":[0],"19":[0,0],"20":[0],"21":[0],"22":[0],"23":[0],"24":[0],"25":[0,0],"26":[0],"27":[0],"28":[0],"29":[0,0]}}
,"/home/luiza/Documentos/oma/Tcc-OMA/backend/src/controllers/noteController.ts": {"path":"/home/luiza/Documentos/oma/Tcc-OMA/backend/src/controllers/noteController.ts","statementMap":{"0":{"start":{"line":2,"column":0},"end":{"line":2,"column":34}},"1":{"start":{"line":9,"column":30},"end":{"line":50,"column":2}},"2":{"start":{"line":9,"column":68},"end":{"line":50,"column":2}},"3":{"start":{"line":10,"column":2},"end":{"line":49,"column":3}},"4":{"start":{"line":12,"column":23},"end":{"line":12,"column":33}},"5":{"start":{"line":13,"column":61},"end":{"line":13,"column":69}},"6":{"start":{"line":14,"column":24},"end":{"line":14,"column":28}},"7":{"start":{"line":16,"column":4},"end":{"line":18,"column":5}},"8":{"start":{"line":17,"column":6},"end":{"line":17,"column":99}},"9":{"start":{"line":20,"column":4},"end":{"line":22,"column":5}},"10":{"start":{"line":21,"column":6},"end":{"line":21,"column":112}},"11":{"start":{"line":25,"column":4},"end":{"line":30,"column":5}},"12":{"start":{"line":26,"column":6},"end":{"line":28,"column":7}},"13":{"start":{"line":27,"column":8},"end":{"line":27,"column":103}},"14":{"start":{"line":29,"column":6},"end":{"line":29,"column":31}},"15":{"start":{"line":32,"column":20},"end":{"line":41,"column":6}},"16":{"start":{"line":43,"column":4},"end":{"line":43,"column":25}},"17":{"start":{"line":45,"column":4},"end":{"line":45,"column":34}},"18":{"start":{"line":47,"column":4},"end":{"line":47,"column":50}},"19":{"start":{"line":48,"column":4},"end":{"line":48,"column":60}},"20":{"start":{"line":9,"column":13},"end":{"line":9,"column":30}},"21":{"start":{"line":52,"column":27},"end":{"line":68,"column":2}},"22":{"start":{"line":52,"column":65},"end":{"line":68,"column":2}},"23":{"start":{"line":53,"column":2},"end":{"line":67,"column":3}},"24":{"start":{"line":55,"column":31},"end":{"line":55,"column":41}},"25":{"start":{"line":57,"column":17},"end":{"line":57,"column":88}},"26":{"start":{"line":58,"column":4},"end":{"line":58,"column":109}},"27":{"start":{"line":58,"column":15},"end":{"line":58,"column":109}},"28":{"start":{"line":61,"column":4},"end":{"line":63,"column":5}},"29":{"start":{"line":62,"column":6},"end":{"line":62,"column":33}},"30":{"start":{"line":66,"column":4},"end":{"line":66,"column":64}},"31":{"start":{"line":52,"column":13},"end":{"line":52,"column":27}},"32":{"start":{"line":70,"column":27},"end":{"line":89,"column":2}},"33":{"start":{"line":70,"column":65},"end":{"line":89,"column":2}},"34":{"start":{"line":71,"column":2},"end":{"line":88,"column":3}},"35":{"start":{"line":72,"column":29},"end":{"line":72,"column":39}},"36":{"start":{"line":73,"column":24},"end":{"line":73,"column":32}},"37":{"start":{"line":75,"column":17},"end":{"line":75,"column":44}},"38":{"start":{"line":77,"column":4},"end":{"line":79,"column":5}},"39":{"start":{"line":78,"column":6},"end":{"line":78,"column":68}},"40":{"start":{"line":81,"column":4},"end":{"line":81,"column":27}},"41":{"start":{"line":82,"column":4},"end":{"line":82,"column":22}},"42":{"start":{"line":84,"column":4},"end":{"line":84,"column":83}},"43":{"start":{"line":86,"column":4},"end":{"line":86,"column":59}},"44":{"start":{"line":87,"column":4},"end":{"line":87,"column":69}},"45":{"start":{"line":70,"column":13},"end":{"line":70,"column":27}},"46":{"start":{"line":91,"column":26},"end":{"line":119,"column":2}},"47":{"start":{"line":91,"column":64},"end":{"line":119,"column":2}},"48":{"start":{"line":92,"column":2},"end":{"line":118,"column":3}},"49":{"start":{"line":93,"column":31},"end":{"line":93,"column":41}},"50":{"start":{"line":94,"column":51},"end":{"line":94,"column":59}},"51":{"start":{"line":96,"column":17},"end":{"line":96,"column":60}},"52":{"start":{"line":97,"column":4},"end":{"line":99,"column":5}},"53":{"start":{"line":98,"column":6},"end":{"line":98,"column":97}},"54":{"start":{"line":101,"column":4},"end":{"line":103,"column":5}},"55":{"start":{"line":102,"column":6},"end":{"line":102,"column":111}},"56":{"start":{"line":105,"column":4},"end":{"line":105,"column":34}},"57":{"start":{"line":105,"column":15},"end":{"line":105,"column":34}},"58":{"start":{"line":106,"column":4},"end":{"line":106,"column":31}},"59":{"start":{"line":106,"column":14},"end":{"line":106,"column":31}},"60":{"start":{"line":107,"column":4},"end":{"line":107,"column":40}},"61":{"start":{"line":107,"column":17},"end":{"line":107,"column":40}},"62":{"start":{"line":108,"column":4},"end":{"line":108,"column":43}},"63":{"start":{"line":108,"column":18},"end":{"line":108,"column":43}},"64":{"start":{"line":110,"column":4},"end":{"line":110,"column":19}},"65":{"start":{"line":112,"column":4},"end":{"line":112,"column":22}},"66":{"start":{"line":114,"column":4},"end":{"line":114,"column":31}},"67":{"start":{"line":116,"column":4},"end":{"line":116,"column":54}},"68":{"start":{"line":117,"column":4},"end":{"line":117,"column":64}},"69":{"start":{"line":91,"column":13},"end":{"line":91,"column":26}},"70":{"start":{"line":121,"column":26},"end":{"line":132,"column":2}},"71":{"start":{"line":121,"column":64},"end":{"line":132,"column":2}},"72":{"start":{"line":122,"column":2},"end":{"line":131,"column":3}},"73":{"start":{"line":123,"column":31},"end":{"line":123,"column":41}},"74":{"start":{"line":125,"column":17},"end":{"line":125,"column":69}},"75":{"start":{"line":126,"column":4},"end":{"line":126,"column":109}},"76":{"start":{"line":126,"column":15},"end":{"line":126,"column":109}},"77":{"start":{"line":128,"column":4},"end":{"line":128,"column":72}},"78":{"start":{"line":130,"column":4},"end":{"line":130,"column":65}},"79":{"start":{"line":121,"column":13},"end":{"line":121,"column":26}},"80":{"start":{"line":134,"column":31},"end":{"line":155,"column":2}},"81":{"start":{"line":134,"column":69},"end":{"line":155,"column":2}},"82":{"start":{"line":135,"column":2},"end":{"line":154,"column":3}},"83":{"start":{"line":136,"column":32},"end":{"line":136,"column":42}},"84":{"start":{"line":138,"column":18},"end":{"line":138,"column":54}},"85":{"start":{"line":140,"column":27},"end":{"line":148,"column":6}},"86":{"start":{"line":141,"column":6},"end":{"line":143,"column":7}},"87":{"start":{"line":142,"column":8},"end":{"line":142,"column":20}},"88":{"start":{"line":144,"column":6},"end":{"line":146,"column":null}},"89":{"start":{"line":150,"column":4},"end":{"line":150,"column":41}},"90":{"start":{"line":152,"column":4},"end":{"line":152,"column":60}},"91":{"start":{"line":153,"column":4},"end":{"line":153,"column":70}},"92":{"start":{"line":134,"column":13},"end":{"line":134,"column":31}},"93":{"start":{"line":158,"column":27},"end":{"line":183,"column":2}},"94":{"start":{"line":158,"column":65},"end":{"line":183,"column":2}},"95":{"start":{"line":159,"column":2},"end":{"line":182,"column":3}},"96":{"start":{"line":160,"column":23},"end":{"line":160,"column":33}},"97":{"start":{"line":162,"column":18},"end":{"line":162,"column":45}},"98":{"start":{"line":164,"column":4},"end":{"line":166,"column":5}},"99":{"start":{"line":165,"column":6},"end":{"line":165,"column":92}},"100":{"start":{"line":168,"column":27},"end":{"line":176,"column":6}},"101":{"start":{"line":169,"column":6},"end":{"line":171,"column":7}},"102":{"start":{"line":170,"column":8},"end":{"line":170,"column":20}},"103":{"start":{"line":172,"column":6},"end":{"line":174,"column":null}},"104":{"start":{"line":178,"column":4},"end":{"line":178,"column":41}},"105":{"start":{"line":180,"column":4},"end":{"line":180,"column":53}},"106":{"start":{"line":181,"column":4},"end":{"line":181,"column":63}},"107":{"start":{"line":158,"column":13},"end":{"line":158,"column":27}},"108":{"start":{"line":185,"column":26},"end":{"line":211,"column":2}},"109":{"start":{"line":185,"column":64},"end":{"line":211,"column":2}},"110":{"start":{"line":186,"column":2},"end":{"line":210,"column":3}},"111":{"start":{"line":187,"column":31},"end":{"line":187,"column":41}},"112":{"start":{"line":188,"column":20},"end":{"line":188,"column":28}},"113":{"start":{"line":190,"column":17},"end":{"line":190,"column":60}},"114":{"start":{"line":191,"column":4},"end":{"line":193,"column":5}},"115":{"start":{"line":192,"column":6},"end":{"line":192,"column":98}},"116":{"start":{"line":195,"column":4},"end":{"line":199,"column":5}},"117":{"start":{"line":196,"column":6},"end":{"line":196,"column":21}},"118":{"start":{"line":197,"column":11},"end":{"line":199,"column":5}},"119":{"start":{"line":198,"column":6},"end":{"line":198,"column":76}},"120":{"start":{"line":201,"column":4},"end":{"line":201,"column":22}},"121":{"start":{"line":203,"column":4},"end":{"line":206,"column":7}},"122":{"start":{"line":208,"column":4},"end":{"line":208,"column":54}},"123":{"start":{"line":209,"column":4},"end":{"line":209,"column":65}},"124":{"start":{"line":185,"column":13},"end":{"line":185,"column":26}}},"fnMap":{"0":{"name":"(anonymous_8)","decl":{"start":{"line":9,"column":30},"end":{"line":9,"column":37}},"loc":{"start":{"line":9,"column":68},"end":{"line":50,"column":2}}},"1":{"name":"(anonymous_9)","decl":{"start":{"line":9,"column":68},"end":{"line":9,"column":null}},"loc":{"start":{"line":9,"column":68},"end":{"line":50,"column":1}}},"2":{"name":"(anonymous_10)","decl":{"start":{"line":52,"column":27},"end":{"line":52,"column":34}},"loc":{"start":{"line":52,"column":65},"end":{"line":68,"column":2}}},"3":{"name":"(anonymous_11)","decl":{"start":{"line":52,"column":65},"end":{"line":52,"column":null}},"loc":{"start":{"line":52,"column":65},"end":{"line":68,"column":1}}},"4":{"name":"(anonymous_12)","decl":{"start":{"line":70,"column":27},"end":{"line":70,"column":34}},"loc":{"start":{"line":70,"column":65},"end":{"line":89,"column":2}}},"5":{"name":"(anonymous_13)","decl":{"start":{"line":70,"column":65},"end":{"line":70,"column":null}},"loc":{"start":{"line":70,"column":65},"end":{"line":89,"column":1}}},"6":{"name":"(anonymous_14)","decl":{"start":{"line":91,"column":26},"end":{"line":91,"column":33}},"loc":{"start":{"line":91,"column":64},"end":{"line":119,"column":2}}},"7":{"name":"(anonymous_15)","decl":{"start":{"line":91,"column":64},"end":{"line":91,"column":null}},"loc":{"start":{"line":91,"column":64},"end":{"line":119,"column":1}}},"8":{"name":"(anonymous_16)","decl":{"start":{"line":121,"column":26},"end":{"line":121,"column":33}},"loc":{"start":{"line":121,"column":64},"end":{"line":132,"column":2}}},"9":{"name":"(anonymous_17)","decl":{"start":{"line":121,"column":64},"end":{"line":121,"column":null}},"loc":{"start":{"line":121,"column":64},"end":{"line":132,"column":1}}},"10":{"name":"(anonymous_18)","decl":{"start":{"line":134,"column":31},"end":{"line":134,"column":38}},"loc":{"start":{"line":134,"column":69},"end":{"line":155,"column":2}}},"11":{"name":"(anonymous_19)","decl":{"start":{"line":134,"column":69},"end":{"line":134,"column":null}},"loc":{"start":{"line":134,"column":69},"end":{"line":155,"column":1}}},"12":{"name":"(anonymous_20)","decl":{"start":{"line":140,"column":37},"end":{"line":140,"column":41}},"loc":{"start":{"line":140,"column":44},"end":{"line":148,"column":5}}},"13":{"name":"(anonymous_21)","decl":{"start":{"line":158,"column":27},"end":{"line":158,"column":34}},"loc":{"start":{"line":158,"column":65},"end":{"line":183,"column":2}}},"14":{"name":"(anonymous_22)","decl":{"start":{"line":158,"column":65},"end":{"line":158,"column":null}},"loc":{"start":{"line":158,"column":65},"end":{"line":183,"column":1}}},"15":{"name":"(anonymous_23)","decl":{"start":{"line":168,"column":37},"end":{"line":168,"column":41}},"loc":{"start":{"line":168,"column":44},"end":{"line":176,"column":5}}},"16":{"name":"(anonymous_24)","decl":{"start":{"line":185,"column":26},"end":{"line":185,"column":33}},"loc":{"start":{"line":185,"column":64},"end":{"line":211,"column":2}}},"17":{"name":"(anonymous_25)","decl":{"start":{"line":185,"column":64},"end":{"line":185,"column":null}},"loc":{"start":{"line":185,"column":64},"end":{"line":211,"column":1}}}},"branchMap":{"0":{"loc":{"start":{"line":16,"column":4},"end":{"line":18,"column":5}},"type":"if","locations":[{"start":{"line":16,"column":4},"end":{"line":18,"column":5}}]},"1":{"loc":{"start":{"line":16,"column":8},"end":{"line":16,"column":47}},"type":"binary-expr","locations":[{"start":{"line":16,"column":8},"end":{"line":16,"column":14}},{"start":{"line":16,"column":18},"end":{"line":16,"column":23}},{"start":{"line":16,"column":27},"end":{"line":16,"column":35}},{"start":{"line":16,"column":39},"end":{"line":16,"column":47}}]},"2":{"loc":{"start":{"line":20,"column":4},"end":{"line":22,"column":5}},"type":"if","locations":[{"start":{"line":20,"column":4},"end":{"line":22,"column":5}}]},"3":{"loc":{"start":{"line":25,"column":4},"end":{"line":30,"column":5}},"type":"if","locations":[{"start":{"line":25,"column":4},"end":{"line":30,"column":5}}]},"4":{"loc":{"start":{"line":26,"column":6},"end":{"line":28,"column":7}},"type":"if","locations":[{"start":{"line":26,"column":6},"end":{"line":28,"column":7}}]},"5":{"loc":{"start":{"line":58,"column":4},"end":{"line":58,"column":109}},"type":"if","locations":[{"start":{"line":58,"column":4},"end":{"line":58,"column":109}}]},"6":{"loc":{"start":{"line":61,"column":4},"end":{"line":63,"column":5}},"type":"if","locations":[{"start":{"line":61,"column":4},"end":{"line":63,"column":5}}]},"7":{"loc":{"start":{"line":61,"column":8},"end":{"line":61,"column":52}},"type":"binary-expr","locations":[{"start":{"line":61,"column":8},"end":{"line":61,"column":29}},{"start":{"line":61,"column":33},"end":{"line":61,"column":42}},{"start":{"line":61,"column":46},"end":{"line":61,"column":52}}]},"8":{"loc":{"start":{"line":77,"column":4},"end":{"line":79,"column":5}},"type":"if","locations":[{"start":{"line":77,"column":4},"end":{"line":79,"column":5}}]},"9":{"loc":{"start":{"line":97,"column":4},"end":{"line":99,"column":5}},"type":"if","locations":[{"start":{"line":97,"column":4},"end":{"line":99,"column":5}}]},"10":{"loc":{"start":{"line":101,"column":4},"end":{"line":103,"column":5}},"type":"if","locations":[{"start":{"line":101,"column":4},"end":{"line":103,"column":5}}]},"11":{"loc":{"start":{"line":101,"column":8},"end":{"line":101,"column":71}},"type":"binary-expr","locations":[{"start":{"line":101,"column":8},"end":{"line":101,"column":12}},{"start":{"line":101,"column":16},"end":{"line":101,"column":71}}]},"12":{"loc":{"start":{"line":105,"column":4},"end":{"line":105,"column":34}},"type":"if","locations":[{"start":{"line":105,"column":4},"end":{"line":105,"column":34}}]},"13":{"loc":{"start":{"line":106,"column":4},"end":{"line":106,"column":31}},"type":"if","locations":[{"start":{"line":106,"column":4},"end":{"line":106,"column":31}}]},"14":{"loc":{"start":{"line":107,"column":4},"end":{"line":107,"column":40}},"type":"if","locations":[{"start":{"line":107,"column":4},"end":{"line":107,"column":40}}]},"15":{"loc":{"start":{"line":108,"column":4},"end":{"line":108,"column":43}},"type":"if","locations":[{"start":{"line":108,"column":4},"end":{"line":108,"column":43}}]},"16":{"loc":{"start":{"line":126,"column":4},"end":{"line":126,"column":109}},"type":"if","locations":[{"start":{"line":126,"column":4},"end":{"line":126,"column":109}}]},"17":{"loc":{"start":{"line":141,"column":6},"end":{"line":143,"column":7}},"type":"if","locations":[{"start":{"line":141,"column":6},"end":{"line":143,"column":7}}]},"18":{"loc":{"start":{"line":164,"column":4},"end":{"line":166,"column":5}},"type":"if","locations":[{"start":{"line":164,"column":4},"end":{"line":166,"column":5}}]},"19":{"loc":{"start":{"line":164,"column":8},"end":{"line":164,"column":36}},"type":"binary-expr","locations":[{"start":{"line":164,"column":8},"end":{"line":164,"column":14}},{"start":{"line":164,"column":18},"end":{"line":164,"column":36}}]},"20":{"loc":{"start":{"line":169,"column":6},"end":{"line":171,"column":7}},"type":"if","locations":[{"start":{"line":169,"column":6},"end":{"line":171,"column":7}}]},"21":{"loc":{"start":{"line":191,"column":4},"end":{"line":193,"column":5}},"type":"if","locations":[{"start":{"line":191,"column":4},"end":{"line":193,"column":5}}]},"22":{"loc":{"start":{"line":195,"column":4},"end":{"line":199,"column":5}},"type":"if","locations":[{"start":{"line":195,"column":4},"end":{"line":199,"column":5}},{"start":{"line":197,"column":11},"end":{"line":199,"column":5}}]},"23":{"loc":{"start":{"line":195,"column":8},"end":{"line":195,"column":32}},"type":"binary-expr","locations":[{"start":{"line":195,"column":8},"end":{"line":195,"column":11}},{"start":{"line":195,"column":15},"end":{"line":195,"column":32}}]},"24":{"loc":{"start":{"line":197,"column":11},"end":{"line":199,"column":5}},"type":"if","locations":[{"start":{"line":197,"column":11},"end":{"line":199,"column":5}}]}},"s":{"0":0,"1":0,"2":0,"3":0,"4":0,"5":0,"6":0,"7":0,"8":0,"9":0,"10":0,"11":0,"12":0,"13":0,"14":0,"15":0,"16":0,"17":0,"18":0,"19":0,"20":0,"21":0,"22":0,"23":0,"24":0,"25":0,"26":0,"27":0,"28":0,"29":0,"30":0,"31":0,"32":0,"33":0,"34":0,"35":0,"36":0,"37":0,"38":0,"39":0,"40":0,"41":0,"42":0,"43":0,"44":0,"45":0,"46":0,"47":0,"48":0,"49":0,"50":0,"51":0,"52":0,"53":0,"54":0,"55":0,"56":0,"57":0,"58":0,"59":0,"60":0,"61":0,"62":0,"63":0,"64":0,"65":0,"66":0,"67":0,"68":0,"69":0,"70":0,"71":0,"72":0,"73":0,"74":0,"75":0,"76":0,"77":0,"78":0,"79":0,"80":0,"81":0,"82":0,"83":0,"84":0,"85":0,"86":0,"87":0,"88":0,"89":0,"90":0,"91":0,"92":0,"93":0,"94":0,"95":0,"96":0,"97":0,"98":0,"99":0,"100":0,"101":0,"102":0,"103":0,"104":0,"105":0,"106":0,"107":0,"108":0,"109":0,"110":0,"111":0,"112":0,"113":0,"114":0,"115":0,"116":0,"117":0,"118":0,"119":0,"120":0,"121":0,"122":0,"123":0,"124":0},"f":{"0":0,"1":0,"2":0,"3":0,"4":0,"5":0,"6":0,"7":0,"8":0,"9":0,"10":0,"11":0,"12":0,"13":0,"14":0,"15":0,"16":0,"17":0},"b":{"0":[0],"1":[0,0,0,0],"2":[0],"3":[0],"4":[0],"5":[0],"6":[0],"7":[0,0,0],"8":[0],"9":[0],"10":[0],"11":[0,0],"12":[0],"13":[0],"14":[0],"15":[0],"16":[0],"17":[0],"18":[0],"19":[0,0],"20":[0],"21":[0],"22":[0,0],"23":[0,0],"24":[0]}}
,"/home/luiza/Documentos/oma/Tcc-OMA/backend/src/controllers/userController.ts": {"path":"/home/luiza/Documentos/oma/Tcc-OMA/backend/src/controllers/userController.ts","statementMap":{"0":{"start":{"line":2,"column":0},"end":{"line":2,"column":30}},"1":{"start":{"line":3,"column":0},"end":{"line":3,"column":34}},"2":{"start":{"line":4,"column":0},"end":{"line":4,"column":31}},"3":{"start":{"line":7,"column":28},"end":{"line":32,"column":2}},"4":{"start":{"line":7,"column":66},"end":{"line":32,"column":2}},"5":{"start":{"line":8,"column":36},"end":{"line":8,"column":44}},"6":{"start":{"line":10,"column":2},"end":{"line":31,"column":3}},"7":{"start":{"line":11,"column":25},"end":{"line":11,"column":54}},"8":{"start":{"line":12,"column":4},"end":{"line":14,"column":5}},"9":{"start":{"line":13,"column":6},"end":{"line":13,"column":74}},"10":{"start":{"line":16,"column":27},"end":{"line":16,"column":58}},"11":{"start":{"line":17,"column":20},"end":{"line":17,"column":71}},"12":{"start":{"line":18,"column":22},"end":{"line":18,"column":42}},"13":{"start":{"line":20,"column":4},"end":{"line":27,"column":7}},"14":{"start":{"line":29,"column":4},"end":{"line":29,"column":47}},"15":{"start":{"line":30,"column":4},"end":{"line":30,"column":71}},"16":{"start":{"line":7,"column":13},"end":{"line":7,"column":28}},"17":{"start":{"line":35,"column":25},"end":{"line":66,"column":2}},"18":{"start":{"line":35,"column":63},"end":{"line":66,"column":2}},"19":{"start":{"line":36,"column":30},"end":{"line":36,"column":38}},"20":{"start":{"line":38,"column":2},"end":{"line":65,"column":3}},"21":{"start":{"line":39,"column":17},"end":{"line":39,"column":46}},"22":{"start":{"line":40,"column":4},"end":{"line":42,"column":5}},"23":{"start":{"line":41,"column":6},"end":{"line":41,"column":65}},"24":{"start":{"line":44,"column":28},"end":{"line":44,"column":73}},"25":{"start":{"line":45,"column":4},"end":{"line":47,"column":5}},"26":{"start":{"line":46,"column":6},"end":{"line":46,"column":70}},"27":{"start":{"line":49,"column":18},"end":{"line":51,"column":6}},"28":{"start":{"line":53,"column":4},"end":{"line":61,"column":7}},"29":{"start":{"line":63,"column":4},"end":{"line":63,"column":48}},"30":{"start":{"line":64,"column":4},"end":{"line":64,"column":65}},"31":{"start":{"line":35,"column":13},"end":{"line":35,"column":25}},"32":{"start":{"line":69,"column":27},"end":{"line":77,"column":2}},"33":{"start":{"line":69,"column":65},"end":{"line":77,"column":2}},"34":{"start":{"line":70,"column":2},"end":{"line":76,"column":3}},"35":{"start":{"line":71,"column":18},"end":{"line":71,"column":50}},"36":{"start":{"line":72,"column":4},"end":{"line":72,"column":36}},"37":{"start":{"line":74,"column":4},"end":{"line":74,"column":50}},"38":{"start":{"line":75,"column":4},"end":{"line":75,"column":69}},"39":{"start":{"line":69,"column":13},"end":{"line":69,"column":27}},"40":{"start":{"line":80,"column":27},"end":{"line":103,"column":2}},"41":{"start":{"line":80,"column":65},"end":{"line":103,"column":2}},"42":{"start":{"line":81,"column":17},"end":{"line":81,"column":27}},"43":{"start":{"line":83,"column":2},"end":{"line":102,"column":3}},"44":{"start":{"line":84,"column":17},"end":{"line":84,"column":53}},"45":{"start":{"line":85,"column":4},"end":{"line":87,"column":5}},"46":{"start":{"line":86,"column":6},"end":{"line":86,"column":65}},"47":{"start":{"line":90,"column":4},"end":{"line":97,"column":7}},"48":{"start":{"line":100,"column":4},"end":{"line":100,"column":49}},"49":{"start":{"line":101,"column":4},"end":{"line":101,"column":68}},"50":{"start":{"line":80,"column":13},"end":{"line":80,"column":27}},"51":{"start":{"line":106,"column":26},"end":{"line":137,"column":2}},"52":{"start":{"line":106,"column":64},"end":{"line":137,"column":2}},"53":{"start":{"line":107,"column":17},"end":{"line":107,"column":27}},"54":{"start":{"line":108,"column":36},"end":{"line":108,"column":44}},"55":{"start":{"line":110,"column":2},"end":{"line":136,"column":3}},"56":{"start":{"line":111,"column":17},"end":{"line":111,"column":40}},"57":{"start":{"line":112,"column":4},"end":{"line":114,"column":5}},"58":{"start":{"line":113,"column":6},"end":{"line":113,"column":65}},"59":{"start":{"line":117,"column":4},"end":{"line":117,"column":31}},"60":{"start":{"line":117,"column":14},"end":{"line":117,"column":31}},"61":{"start":{"line":118,"column":4},"end":{"line":118,"column":34}},"62":{"start":{"line":118,"column":15},"end":{"line":118,"column":34}},"63":{"start":{"line":119,"column":4},"end":{"line":121,"column":5}},"64":{"start":{"line":120,"column":6},"end":{"line":120,"column":54}},"65":{"start":{"line":123,"column":24},"end":{"line":123,"column":41}},"66":{"start":{"line":125,"column":4},"end":{"line":132,"column":7}},"67":{"start":{"line":134,"column":4},"end":{"line":134,"column":49}},"68":{"start":{"line":135,"column":4},"end":{"line":135,"column":68}},"69":{"start":{"line":106,"column":13},"end":{"line":106,"column":26}},"70":{"start":{"line":140,"column":26},"end":{"line":154,"column":2}},"71":{"start":{"line":140,"column":64},"end":{"line":154,"column":2}},"72":{"start":{"line":141,"column":17},"end":{"line":141,"column":27}},"73":{"start":{"line":143,"column":2},"end":{"line":153,"column":3}},"74":{"start":{"line":144,"column":17},"end":{"line":144,"column":49}},"75":{"start":{"line":145,"column":4},"end":{"line":147,"column":5}},"76":{"start":{"line":146,"column":6},"end":{"line":146,"column":65}},"77":{"start":{"line":149,"column":4},"end":{"line":149,"column":67}},"78":{"start":{"line":151,"column":4},"end":{"line":151,"column":49}},"79":{"start":{"line":152,"column":4},"end":{"line":152,"column":68}},"80":{"start":{"line":140,"column":13},"end":{"line":140,"column":26}}},"fnMap":{"0":{"name":"(anonymous_8)","decl":{"start":{"line":7,"column":28},"end":{"line":7,"column":35}},"loc":{"start":{"line":7,"column":66},"end":{"line":32,"column":2}}},"1":{"name":"(anonymous_9)","decl":{"start":{"line":7,"column":66},"end":{"line":7,"column":null}},"loc":{"start":{"line":7,"column":66},"end":{"line":32,"column":1}}},"2":{"name":"(anonymous_10)","decl":{"start":{"line":35,"column":25},"end":{"line":35,"column":32}},"loc":{"start":{"line":35,"column":63},"end":{"line":66,"column":2}}},"3":{"name":"(anonymous_11)","decl":{"start":{"line":35,"column":63},"end":{"line":35,"column":null}},"loc":{"start":{"line":35,"column":63},"end":{"line":66,"column":1}}},"4":{"name":"(anonymous_12)","decl":{"start":{"line":69,"column":27},"end":{"line":69,"column":34}},"loc":{"start":{"line":69,"column":65},"end":{"line":77,"column":2}}},"5":{"name":"(anonymous_13)","decl":{"start":{"line":69,"column":65},"end":{"line":69,"column":null}},"loc":{"start":{"line":69,"column":65},"end":{"line":77,"column":1}}},"6":{"name":"(anonymous_14)","decl":{"start":{"line":80,"column":27},"end":{"line":80,"column":34}},"loc":{"start":{"line":80,"column":65},"end":{"line":103,"column":2}}},"7":{"name":"(anonymous_15)","decl":{"start":{"line":80,"column":65},"end":{"line":80,"column":null}},"loc":{"start":{"line":80,"column":65},"end":{"line":103,"column":1}}},"8":{"name":"(anonymous_16)","decl":{"start":{"line":106,"column":26},"end":{"line":106,"column":33}},"loc":{"start":{"line":106,"column":64},"end":{"line":137,"column":2}}},"9":{"name":"(anonymous_17)","decl":{"start":{"line":106,"column":64},"end":{"line":106,"column":null}},"loc":{"start":{"line":106,"column":64},"end":{"line":137,"column":1}}},"10":{"name":"(anonymous_18)","decl":{"start":{"line":140,"column":26},"end":{"line":140,"column":33}},"loc":{"start":{"line":140,"column":64},"end":{"line":154,"column":2}}},"11":{"name":"(anonymous_19)","decl":{"start":{"line":140,"column":64},"end":{"line":140,"column":null}},"loc":{"start":{"line":140,"column":64},"end":{"line":154,"column":1}}}},"branchMap":{"0":{"loc":{"start":{"line":12,"column":4},"end":{"line":14,"column":5}},"type":"if","locations":[{"start":{"line":12,"column":4},"end":{"line":14,"column":5}}]},"1":{"loc":{"start":{"line":40,"column":4},"end":{"line":42,"column":5}},"type":"if","locations":[{"start":{"line":40,"column":4},"end":{"line":42,"column":5}}]},"2":{"loc":{"start":{"line":45,"column":4},"end":{"line":47,"column":5}},"type":"if","locations":[{"start":{"line":45,"column":4},"end":{"line":47,"column":5}}]},"3":{"loc":{"start":{"line":85,"column":4},"end":{"line":87,"column":5}},"type":"if","locations":[{"start":{"line":85,"column":4},"end":{"line":87,"column":5}}]},"4":{"loc":{"start":{"line":112,"column":4},"end":{"line":114,"column":5}},"type":"if","locations":[{"start":{"line":112,"column":4},"end":{"line":114,"column":5}}]},"5":{"loc":{"start":{"line":117,"column":4},"end":{"line":117,"column":31}},"type":"if","locations":[{"start":{"line":117,"column":4},"end":{"line":117,"column":31}}]},"6":{"loc":{"start":{"line":118,"column":4},"end":{"line":118,"column":34}},"type":"if","locations":[{"start":{"line":118,"column":4},"end":{"line":118,"column":34}}]},"7":{"loc":{"start":{"line":119,"column":4},"end":{"line":121,"column":5}},"type":"if","locations":[{"start":{"line":119,"column":4},"end":{"line":121,"column":5}}]},"8":{"loc":{"start":{"line":145,"column":4},"end":{"line":147,"column":5}},"type":"if","locations":[{"start":{"line":145,"column":4},"end":{"line":147,"column":5}}]}},"s":{"0":0,"1":0,"2":0,"3":0,"4":0,"5":0,"6":0,"7":0,"8":0,"9":0,"10":0,"11":0,"12":0,"13":0,"14":0,"15":0,"16":0,"17":0,"18":0,"19":0,"20":0,"21":0,"22":0,"23":0,"24":0,"25":0,"26":0,"27":0,"28":0,"29":0,"30":0,"31":0,"32":0,"33":0,"34":0,"35":0,"36":0,"37":0,"38":0,"39":0,"40":0,"41":0,"42":0,"43":0,"44":0,"45":0,"46":0,"47":0,"48":0,"49":0,"50":0,"51":0,"52":0,"53":0,"54":0,"55":0,"56":0,"57":0,"58":0,"59":0,"60":0,"61":0,"62":0,"63":0,"64":0,"65":0,"66":0,"67":0,"68":0,"69":0,"70":0,"71":0,"72":0,"73":0,"74":0,"75":0,"76":0,"77":0,"78":0,"79":0,"80":0},"f":{"0":0,"1":0,"2":0,"3":0,"4":0,"5":0,"6":0,"7":0,"8":0,"9":0,"10":0,"11":0},"b":{"0":[0],"1":[0],"2":[0],"3":[0],"4":[0],"5":[0],"6":[0],"7":[0],"8":[0]}}
,"/home/luiza/Documentos/oma/Tcc-OMA/backend/src/middleware/upload.ts": {"path":"/home/luiza/Documentos/oma/Tcc-OMA/backend/src/middleware/upload.ts","statementMap":{"0":{"start":{"line":1,"column":0},"end":{"line":1,"column":28}},"1":{"start":{"line":3,"column":16},"end":{"line":3,"column":38}},"2":{"start":{"line":4,"column":15},"end":{"line":4,"column":34}},"3":{"start":{"line":6,"column":0},"end":{"line":6,"column":22}}},"fnMap":{},"branchMap":{},"s":{"0":0,"1":0,"2":0,"3":0},"f":{},"b":{}}
,"/home/luiza/Documentos/oma/Tcc-OMA/backend/src/models/Category.ts": {"path":"/home/luiza/Documentos/oma/Tcc-OMA/backend/src/models/Category.ts","statementMap":{"0":{"start":{"line":1,"column":0},"end":{"line":1,"column":54}},"1":{"start":{"line":8,"column":31},"end":{"line":17,"column":2}},"2":{"start":{"line":19,"column":0},"end":{"line":19,"column":69}}},"fnMap":{},"branchMap":{},"s":{"0":0,"1":0,"2":0},"f":{},"b":{}}
,"/home/luiza/Documentos/oma/Tcc-OMA/backend/src/models/Group.ts": {"path":"/home/luiza/Documentos/oma/Tcc-OMA/backend/src/models/Group.ts","statementMap":{"0":{"start":{"line":1,"column":0},"end":{"line":1,"column":54}},"1":{"start":{"line":11,"column":20},"end":{"line":17,"column":null}},"2":{"start":{"line":20,"column":0},"end":{"line":20,"column":67}}},"fnMap":{},"branchMap":{},"s":{"0":0,"1":0,"2":0},"f":{},"b":{}}
,"/home/luiza/Documentos/oma/Tcc-OMA/backend/src/models/Note.ts": {"path":"/home/luiza/Documentos/oma/Tcc-OMA/backend/src/models/Note.ts","statementMap":{"0":{"start":{"line":1,"column":0},"end":{"line":1,"column":54}},"1":{"start":{"line":15,"column":27},"end":{"line":25,"column":2}},"2":{"start":{"line":27,"column":0},"end":{"line":27,"column":57}}},"fnMap":{},"branchMap":{},"s":{"0":0,"1":0,"2":0},"f":{},"b":{}}
,"/home/luiza/Documentos/oma/Tcc-OMA/backend/src/models/User.ts": {"path":"/home/luiza/Documentos/oma/Tcc-OMA/backend/src/models/User.ts","statementMap":{"0":{"start":{"line":1,"column":0},"end":{"line":1,"column":54}},"1":{"start":{"line":9,"column":27},"end":{"line":17,"column":null}},"2":{"start":{"line":20,"column":0},"end":{"line":20,"column":57}}},"fnMap":{},"branchMap":{},"s":{"0":0,"1":0,"2":0},"f":{},"b":{}}
,"/home/luiza/Documentos/oma/Tcc-OMA/backend/src/routes/userRoutes.ts": {"path":"/home/luiza/Documentos/oma/Tcc-OMA/backend/src/routes/userRoutes.ts","statementMap":{"0":{"start":{"line":1,"column":0},"end":{"line":1,"column":30}},"1":{"start":{"line":2,"column":0},"end":{"line":2,"column":null}},"2":{"start":{"line":10,"column":0},"end":{"line":10,"column":130}},"3":{"start":{"line":12,"column":0},"end":{"line":12,"column":null}},"4":{"start":{"line":24,"column":0},"end":{"line":24,"column":null}},"5":{"start":{"line":36,"column":15},"end":{"line":36,"column":31}},"6":{"start":{"line":41,"column":0},"end":{"line":41,"column":44}},"7":{"start":{"line":42,"column":0},"end":{"line":42,"column":38}},"8":{"start":{"line":43,"column":0},"end":{"line":43,"column":33}},"9":{"start":{"line":44,"column":0},"end":{"line":44,"column":37}},"10":{"start":{"line":45,"column":0},"end":{"line":45,"column":36}},"11":{"start":{"line":46,"column":0},"end":{"line":46,"column":39}},"12":{"start":{"line":49,"column":0},"end":{"line":49,"column":52}},"13":{"start":{"line":50,"column":0},"end":{"line":50,"column":72}},"14":{"start":{"line":51,"column":0},"end":{"line":51,"column":36}},"15":{"start":{"line":52,"column":0},"end":{"line":52,"column":54}},"16":{"start":{"line":53,"column":0},"end":{"line":53,"column":53}},"17":{"start":{"line":54,"column":0},"end":{"line":54,"column":56}},"18":{"start":{"line":55,"column":0},"end":{"line":55,"column":63}},"19":{"start":{"line":56,"column":0},"end":{"line":56,"column":null}},"20":{"start":{"line":59,"column":0},"end":{"line":59,"column":46}},"21":{"start":{"line":60,"column":0},"end":{"line":60,"column":61}},"22":{"start":{"line":61,"column":0},"end":{"line":61,"column":42}},"23":{"start":{"line":62,"column":0},"end":{"line":62,"column":50}},"24":{"start":{"line":63,"column":0},"end":{"line":63,"column":49}},"25":{"start":{"line":64,"column":0},"end":{"line":64,"column":52}},"26":{"start":{"line":65,"column":0},"end":{"line":65,"column":54}},"27":{"start":{"line":66,"column":0},"end":{"line":66,"column":53}},"28":{"start":{"line":70,"column":0},"end":{"line":70,"column":41}},"29":{"start":{"line":71,"column":0},"end":{"line":71,"column":49}},"30":{"start":{"line":72,"column":0},"end":{"line":72,"column":47}},"31":{"start":{"line":73,"column":0},"end":{"line":73,"column":44}},"32":{"start":{"line":74,"column":0},"end":{"line":74,"column":null}},"33":{"start":{"line":79,"column":0},"end":{"line":79,"column":78}},"34":{"start":{"line":82,"column":0},"end":{"line":82,"column":22}}},"fnMap":{},"branchMap":{},"s":{"0":0,"1":0,"2":0,"3":0,"4":0,"5":0,"6":0,"7":0,"8":0,"9":0,"10":0,"11":0,"12":0,"13":0,"14":0,"15":0,"16":0,"17":0,"18":0,"19":0,"20":0,"21":0,"22":0,"23":0,"24":0,"25":0,"26":0,"27":0,"28":0,"29":0,"30":0,"31":0,"32":0,"33":0,"34":0},"f":{},"b":{}}
}
